# JRE version: OpenJDK Runtime Environment (8.0_152-b01) (build 1.8.0_152-release-915-b01)
# Java VM: OpenJDK 64-Bit Server VM (25.152-b01 mixed mode linux-amd64 compressed oops)
Heap:
 PSYoungGen      total 218624K, used 27118K [0x00000000eab00000, 0x00000000f9b00000, 0x0000000100000000)
  eden space 191488K, 0% used [0x00000000eab00000,0x00000000eab00000,0x00000000f6600000)
  from space 27136K, 99% used [0x00000000f6600000,0x00000000f807b9e0,0x00000000f8080000)
  to   space 20992K, 0% used [0x00000000f8380000,0x00000000f8380000,0x00000000f9800000)
 ParOldGen       total 184832K, used 184695K [0x00000000c0000000, 0x00000000cb480000, 0x00000000eab00000)
  object space 184832K, 99% used [0x00000000c0000000,0x00000000cb45dc48,0x00000000cb480000)
 Metaspace       used 73910K, capacity 77302K, committed 77528K, reserved 1116160K
  class space    used 9392K, capacity 10193K, committed 10240K, reserved 1048576K
GC Heap History (10 events):
Event: 51,393 GC heap after
Heap after GC invocations=17 (full 3):
 PSYoungGen      total 243712K, used 17406K [0x00000000eab00000, 0x00000000fb000000, 0x0000000100000000)
  eden space 226304K, 0% used [0x00000000eab00000,0x00000000eab00000,0x00000000f8800000)
  from space 17408K, 99% used [0x00000000f9d80000,0x00000000fae7f808,0x00000000fae80000)
  to   space 20480K, 0% used [0x00000000f8800000,0x00000000f8800000,0x00000000f9c00000)
 ParOldGen       total 83968K, used 38921K [0x00000000c0000000, 0x00000000c5200000, 0x00000000eab00000)
  object space 83968K, 46% used [0x00000000c0000000,0x00000000c2602458,0x00000000c5200000)
 Metaspace       used 66300K, capacity 68542K, committed 68696K, reserved 1107968K
  class space    used 8740K, capacity 9303K, committed 9344K, reserved 1048576K
}
Event: 827,407 GC heap before
{Heap before GC invocations=18 (full 3):
 PSYoungGen      total 243712K, used 243710K [0x00000000eab00000, 0x00000000fb000000, 0x0000000100000000)
  eden space 226304K, 100% used [0x00000000eab00000,0x00000000f8800000,0x00000000f8800000)
  from space 17408K, 99% used [0x00000000f9d80000,0x00000000fae7f808,0x00000000fae80000)
  to   space 20480K, 0% used [0x00000000f8800000,0x00000000f8800000,0x00000000f9c00000)
 ParOldGen       total 83968K, used 38921K [0x00000000c0000000, 0x00000000c5200000, 0x00000000eab00000)
  object space 83968K, 46% used [0x00000000c0000000,0x00000000c2602458,0x00000000c5200000)
 Metaspace       used 71407K, capacity 74236K, committed 74328K, reserved 1114112K
  class space    used 9223K, capacity 9848K, committed 9856K, reserved 1048576K
Event: 827,456 GC heap after
Heap after GC invocations=18 (full 3):
 PSYoungGen      total 232960K, used 15462K [0x00000000eab00000, 0x00000000faa00000, 0x0000000100000000)
  eden space 217088K, 0% used [0x00000000eab00000,0x00000000eab00000,0x00000000f7f00000)
  from space 15872K, 97% used [0x00000000f8800000,0x00000000f9719b38,0x00000000f9780000)
  to   space 18944K, 0% used [0x00000000f9780000,0x00000000f9780000,0x00000000faa00000)
 ParOldGen       total 83968K, used 50840K [0x00000000c0000000, 0x00000000c5200000, 0x00000000eab00000)
  object space 83968K, 60% used [0x00000000c0000000,0x00000000c31a6018,0x00000000c5200000)
 Metaspace       used 71407K, capacity 74236K, committed 74328K, reserved 1114112K
  class space    used 9223K, capacity 9848K, committed 9856K, reserved 1048576K
}
Event: 961,464 GC heap before
{Heap before GC invocations=19 (full 3):
 PSYoungGen      total 232960K, used 232550K [0x00000000eab00000, 0x00000000faa00000, 0x0000000100000000)
  eden space 217088K, 100% used [0x00000000eab00000,0x00000000f7f00000,0x00000000f7f00000)
  from space 15872K, 97% used [0x00000000f8800000,0x00000000f9719b38,0x00000000f9780000)
  to   space 18944K, 0% used [0x00000000f9780000,0x00000000f9780000,0x00000000faa00000)
 ParOldGen       total 83968K, used 50840K [0x00000000c0000000, 0x00000000c5200000, 0x00000000eab00000)
  object space 83968K, 60% used [0x00000000c0000000,0x00000000c31a6018,0x00000000c5200000)
 Metaspace       used 72311K, capacity 75290K, committed 75480K, reserved 1114112K
  class space    used 9259K, capacity 9951K, committed 9984K, reserved 1048576K
Event: 961,521 GC heap after
Heap after GC invocations=19 (full 3):
 PSYoungGen      total 220160K, used 11432K [0x00000000eab00000, 0x00000000fa300000, 0x0000000100000000)
  eden space 208384K, 0% used [0x00000000eab00000,0x00000000eab00000,0x00000000f7680000)
  from space 11776K, 97% used [0x00000000f9780000,0x00000000fa2aa3f0,0x00000000fa300000)
  to   space 21504K, 0% used [0x00000000f7900000,0x00000000f7900000,0x00000000f8e00000)
 ParOldGen       total 83968K, used 50848K [0x00000000c0000000, 0x00000000c5200000, 0x00000000eab00000)
  object space 83968K, 60% used [0x00000000c0000000,0x00000000c31a8018,0x00000000c5200000)
 Metaspace       used 72311K, capacity 75290K, committed 75480K, reserved 1114112K
  class space    used 9259K, capacity 9951K, committed 9984K, reserved 1048576K
}
Event: 8071,919 GC heap before
{Heap before GC invocations=20 (full 3):
 PSYoungGen      total 220160K, used 219816K [0x00000000eab00000, 0x00000000fa300000, 0x0000000100000000)
  eden space 208384K, 100% used [0x00000000eab00000,0x00000000f7680000,0x00000000f7680000)
  from space 11776K, 97% used [0x00000000f9780000,0x00000000fa2aa3f0,0x00000000fa300000)
  to   space 21504K, 0% used [0x00000000f7900000,0x00000000f7900000,0x00000000f8e00000)
 ParOldGen       total 83968K, used 50848K [0x00000000c0000000, 0x00000000c5200000, 0x00000000eab00000)
  object space 83968K, 60% used [0x00000000c0000000,0x00000000c31a8018,0x00000000c5200000)
 Metaspace       used 72891K, capacity 76042K, committed 76376K, reserved 1116160K
  class space    used 9286K, capacity 10011K, committed 10112K, reserved 1048576K
Event: 8071,977 GC heap after
Heap after GC invocations=20 (full 3):
 PSYoungGen      total 205824K, used 5772K [0x00000000eab00000, 0x00000000f9800000, 0x0000000100000000)
  eden space 199680K, 0% used [0x00000000eab00000,0x00000000eab00000,0x00000000f6e00000)
  from space 6144K, 93% used [0x00000000f7900000,0x00000000f7ea31b8,0x00000000f7f00000)
  to   space 20992K, 0% used [0x00000000f8380000,0x00000000f8380000,0x00000000f9800000)
 ParOldGen       total 83968K, used 50856K [0x00000000c0000000, 0x00000000c5200000, 0x00000000eab00000)
  object space 83968K, 60% used [0x00000000c0000000,0x00000000c31aa018,0x00000000c5200000)
 Metaspace       used 72891K, capacity 76042K, committed 76376K, reserved 1116160K
  class space    used 9286K, capacity 10011K, committed 10112K, reserved 1048576K
}
Event: 8092,701 GC heap before
{Heap before GC invocations=21 (full 3):
 PSYoungGen      total 205824K, used 205452K [0x00000000eab00000, 0x00000000f9800000, 0x0000000100000000)
  eden space 199680K, 100% used [0x00000000eab00000,0x00000000f6e00000,0x00000000f6e00000)
  from space 6144K, 93% used [0x00000000f7900000,0x00000000f7ea31b8,0x00000000f7f00000)
  to   space 20992K, 0% used [0x00000000f8380000,0x00000000f8380000,0x00000000f9800000)
 ParOldGen       total 83968K, used 50856K [0x00000000c0000000, 0x00000000c5200000, 0x00000000eab00000)
  object space 83968K, 60% used [0x00000000c0000000,0x00000000c31aa018,0x00000000c5200000)
 Metaspace       used 73887K, capacity 77266K, committed 77528K, reserved 1116160K
  class space    used 9385K, capacity 10159K, committed 10240K, reserved 1048576K
Event: 8092,738 GC heap after
Heap after GC invocations=21 (full 3):
 PSYoungGen      total 212480K, used 20979K [0x00000000eab00000, 0x00000000f9b00000, 0x0000000100000000)
  eden space 191488K, 0% used [0x00000000eab00000,0x00000000eab00000,0x00000000f6600000)
  from space 20992K, 99% used [0x00000000f8380000,0x00000000f97fcdf8,0x00000000f9800000)
  to   space 27136K, 0% used [0x00000000f6600000,0x00000000f6600000,0x00000000f8080000)
 ParOldGen       total 83968K, used 59057K [0x00000000c0000000, 0x00000000c5200000, 0x00000000eab00000)
  object space 83968K, 70% used [0x00000000c0000000,0x00000000c39ac538,0x00000000c5200000)
 Metaspace       used 73887K, capacity 77266K, committed 77528K, reserved 1116160K
  class space    used 9385K, capacity 10159K, committed 10240K, reserved 1048576K
}
Event: 8093,248 GC heap before
{Heap before GC invocations=22 (full 3):
 PSYoungGen      total 212480K, used 212467K [0x00000000eab00000, 0x00000000f9b00000, 0x0000000100000000)
  eden space 191488K, 100% used [0x00000000eab00000,0x00000000f6600000,0x00000000f6600000)
  from space 20992K, 99% used [0x00000000f8380000,0x00000000f97fcdf8,0x00000000f9800000)
  to   space 27136K, 0% used [0x00000000f6600000,0x00000000f6600000,0x00000000f8080000)
 ParOldGen       total 83968K, used 59057K [0x00000000c0000000, 0x00000000c5200000, 0x00000000eab00000)
  object space 83968K, 70% used [0x00000000c0000000,0x00000000c39ac538,0x00000000c5200000)
 Metaspace       used 73910K, capacity 77302K, committed 77528K, reserved 1116160K
  class space    used 9392K, capacity 10193K, committed 10240K, reserved 1048576K

